<?xml version="1.0" encoding="UTF-8"?>
<!-- Generated by org.testng.reporters.JUnitReportReporter -->
<testsuite skipped="0" hostname="LAPTOP-0DQDFNNV" name="com.flipkart.TestCases.NewTest" tests="1" failures="0" timestamp="03 Sep 2019 15:40:34 GMT" time="0.009" errors="0">
  <testcase name="Test" time="0.009" classname="com.flipkart.TestCases.NewTest"/>
</testsuite> <!-- com.flipkart.TestCases.NewTest -->
