<?xml version="1.0" encoding="UTF-8"?>
<!-- Generated by org.testng.reporters.JUnitReportReporter -->
<testsuite skipped="0" hostname="LAPTOP-0DQDFNNV" name="com.flipkart.TestCases.TC_MakeMyTrip_Tabs_001" tests="1" failures="0" timestamp="10 Nov 2019 11:26:52 GMT" time="1.220" errors="0">
  <testcase name="tabs" time="1.220" classname="com.flipkart.TestCases.TC_MakeMyTrip_Tabs_001"/>
</testsuite> <!-- com.flipkart.TestCases.TC_MakeMyTrip_Tabs_001 -->
